lab3/Demo_Scale_96073/app/build/intermediates/manifest_merge_blame_file/debug/processDebugMainManifest/manifest-merger-blame-debug-report.txt
1<?xml version="1.0" encoding="utf-8"?>
2<manifest xmlns:android="http://schemas.android.com/apk/res/android"
3    package="ca.yorku.eecs.mack.demoscale"
4    android:versionCode="1"
5    android:versionName="1.0" >
6
7    <uses-sdk
8        android:minSdkVersion="13"
9        android:targetSdkVersion="33" />
10
11    <application
11-->src/main/AndroidManifest.xml:6:5-21:19
12        android:allowBackup="false"
12-->src/main/AndroidManifest.xml:8:9-36
13        android:debuggable="true"
14        android:extractNativeLibs="true"
15        android:icon="@mipmap/ic_launcher"
15-->src/main/AndroidManifest.xml:9:9-43
16        android:label="@string/app_name"
16-->src/main/AndroidManifest.xml:10:9-41
17        android:testOnly="true"
18        android:theme="@android:style/Theme.Holo" >
18-->src/main/AndroidManifest.xml:7:9-50
19        <activity
19-->src/main/AndroidManifest.xml:11:9-20:20
20            android:name="ca.yorku.eecs.mack.demoscale_96073.DemoScale_96073Activity"
20-->src/main/AndroidManifest.xml:12:13-86
21            android:configChanges="orientation"
21-->src/main/AndroidManifest.xml:13:13-48
22            android:exported="true" >
22-->src/main/AndroidManifest.xml:14:13-36
23            <intent-filter>
23-->src/main/AndroidManifest.xml:15:13-19:29
24                <action android:name="android.intent.action.MAIN" />
24-->src/main/AndroidManifest.xml:16:17-69
24-->src/main/AndroidManifest.xml:16:25-66
25                <action android:name="android.intent.action.VIEW" />
25-->src/main/AndroidManifest.xml:17:17-69
25-->src/main/AndroidManifest.xml:17:25-66
26
27                <category android:name="android.intent.category.LAUNCHER" />
27-->src/main/AndroidManifest.xml:18:17-77
27-->src/main/AndroidManifest.xml:18:27-74
28            </intent-filter>
29        </activity>
30    </application>
31
32</manifest>